2025-04-14 10:12:33,439 - INFO - Scraping jobs...
2025-04-14 10:12:34,608 - INFO - Successfully fetched data from https://vacancymail.co.zw/jobs/
2025-04-14 10:12:34,762 - ERROR - Error occurred: 'Expiry Date'
2025-04-14 10:12:44,511 - INFO - Starting the web scraper...
2025-04-14 10:12:44,511 - INFO - Scraping jobs...
2025-04-14 10:12:45,408 - INFO - Successfully fetched data from https://vacancymail.co.zw/jobs/
2025-04-14 10:12:45,471 - INFO - Data saved to scraped_data.csv at 2025-04-14 10:12:45.470602
2025-04-14 10:13:33,741 - INFO - Starting the web scraper...
2025-04-14 10:13:33,742 - INFO - Scraping jobs...
2025-04-14 10:13:34,594 - INFO - Successfully fetched data from https://vacancymail.co.zw/jobs/
2025-04-14 10:13:34,727 - INFO - Data saved to scraped_data.csv at 2025-04-14 10:13:34.727022
2025-04-14 10:13:34,865 - INFO - Scraping jobs...
2025-04-14 10:13:35,631 - INFO - Successfully fetched data from https://vacancymail.co.zw/jobs/
2025-04-14 10:13:35,779 - ERROR - Error occurred: 'Expiry Date'
2025-04-14 10:14:35,906 - INFO - Scraping jobs...
2025-04-14 10:14:36,688 - INFO - Successfully fetched data from https://vacancymail.co.zw/jobs/
2025-04-14 10:14:36,763 - ERROR - Error occurred: 'Expiry Date'
2025-04-14 10:15:14,988 - INFO - Starting the web scraper...
2025-04-14 10:15:14,988 - INFO - Scraping jobs...
2025-04-14 10:15:15,875 - INFO - Successfully fetched data from https://vacancymail.co.zw/jobs/
2025-04-14 10:15:15,960 - INFO - Data saved to scraped_data.csv at 2025-04-14 10:15:15.960595
2025-04-14 10:15:36,849 - INFO - Scraping jobs...
2025-04-14 10:15:37,650 - INFO - Successfully fetched data from https://vacancymail.co.zw/jobs/
2025-04-14 10:15:37,723 - ERROR - Error occurred: 'Expiry Date'
2025-04-14 10:16:37,834 - INFO - Scraping jobs...
2025-04-14 10:16:38,609 - INFO - Successfully fetched data from https://vacancymail.co.zw/jobs/
2025-04-14 10:16:38,676 - ERROR - Error occurred: 'Expiry Date'
2025-04-14 10:17:18,052 - INFO - Starting the web scraper...
2025-04-14 10:17:18,053 - INFO - Scraping jobs...
2025-04-14 10:17:18,844 - INFO - Successfully fetched data from https://vacancymail.co.zw/jobs/
2025-04-14 10:17:19,818 - WARNING - No job listings found.
2025-04-14 10:17:38,761 - INFO - Scraping jobs...
2025-04-14 10:17:39,548 - INFO - Successfully fetched data from https://vacancymail.co.zw/jobs/
2025-04-14 10:17:39,665 - ERROR - Error occurred: 'Expiry Date'
2025-04-14 10:18:39,729 - INFO - Scraping jobs...
2025-04-14 10:18:40,585 - INFO - Successfully fetched data from https://vacancymail.co.zw/jobs/
2025-04-14 10:18:40,713 - ERROR - Error occurred: 'Expiry Date'
2025-04-14 10:19:40,919 - INFO - Scraping jobs...
2025-04-14 10:19:41,668 - INFO - Successfully fetched data from https://vacancymail.co.zw/jobs/
2025-04-14 10:19:41,713 - ERROR - Error occurred: 'Expiry Date'
2025-04-14 10:20:20,538 - INFO - Starting the web scraper...
2025-04-14 10:20:20,538 - INFO - Scraping jobs...
2025-04-14 10:20:21,354 - INFO - Successfully fetched data from https://vacancymail.co.zw/jobs/
2025-04-14 10:20:21,530 - INFO - Data saved to scraped_data.csv at 2025-04-14 10:20:21.530220
2025-04-14 10:20:41,814 - INFO - Scraping jobs...
2025-04-14 10:20:42,642 - INFO - Successfully fetched data from https://vacancymail.co.zw/jobs/
2025-04-14 10:20:42,703 - ERROR - Error occurred: 'Expiry Date'
2025-04-14 10:21:42,806 - INFO - Scraping jobs...
2025-04-14 10:21:43,729 - INFO - Successfully fetched data from https://vacancymail.co.zw/jobs/
2025-04-14 10:21:43,854 - ERROR - Error occurred: 'Expiry Date'
2025-04-14 10:22:38,753 - INFO - Starting the web scraper...
2025-04-14 10:22:38,753 - INFO - Scraping jobs...
2025-04-14 10:22:39,907 - INFO - Successfully fetched data from https://vacancymail.co.zw/jobs/
2025-04-14 10:22:40,033 - INFO - Data saved to scraped_data.csv at 2025-04-14 10:22:40.033215
2025-04-14 10:22:43,893 - INFO - Scraping jobs...
2025-04-14 10:22:44,813 - INFO - Successfully fetched data from https://vacancymail.co.zw/jobs/
2025-04-14 10:22:44,984 - ERROR - Error occurred: 'Expiry Date'
2025-04-14 10:23:45,169 - INFO - Scraping jobs...
2025-04-14 10:23:45,992 - INFO - Successfully fetched data from https://vacancymail.co.zw/jobs/
2025-04-14 10:23:46,183 - ERROR - Error occurred: 'Expiry Date'
2025-04-14 10:24:46,379 - INFO - Scraping jobs...
2025-04-14 10:24:47,199 - INFO - Successfully fetched data from https://vacancymail.co.zw/jobs/
2025-04-14 10:24:47,262 - ERROR - Error occurred: 'Expiry Date'
2025-04-14 10:25:47,302 - INFO - Scraping jobs...
2025-04-14 10:25:48,100 - INFO - Successfully fetched data from https://vacancymail.co.zw/jobs/
2025-04-14 10:25:48,142 - ERROR - Error occurred: 'Expiry Date'
2025-04-14 10:26:48,267 - INFO - Scraping jobs...
2025-04-14 10:26:49,057 - INFO - Successfully fetched data from https://vacancymail.co.zw/jobs/
2025-04-14 10:26:49,161 - ERROR - Error occurred: 'Expiry Date'
2025-04-14 10:27:49,246 - INFO - Scraping jobs...
2025-04-14 10:27:50,031 - INFO - Successfully fetched data from https://vacancymail.co.zw/jobs/
2025-04-14 10:27:50,100 - ERROR - Error occurred: 'Expiry Date'
2025-04-14 10:28:42,148 - INFO - Starting the web scraper...
2025-04-14 10:28:42,148 - INFO - Scraping jobs...
2025-04-14 10:28:42,954 - INFO - Successfully fetched data from https://vacancymail.co.zw/jobs/
2025-04-14 10:28:43,078 - INFO - Data saved to scraped_data.csv at 2025-04-14 10:28:43.077821
2025-04-14 10:28:50,151 - INFO - Scraping jobs...
2025-04-14 10:28:50,964 - INFO - Successfully fetched data from https://vacancymail.co.zw/jobs/
2025-04-14 10:28:51,063 - ERROR - Error occurred: 'Expiry Date'
2025-04-14 10:29:51,103 - INFO - Scraping jobs...
2025-04-14 10:29:51,875 - INFO - Successfully fetched data from https://vacancymail.co.zw/jobs/
2025-04-14 10:29:51,917 - ERROR - Error occurred: 'Expiry Date'
2025-04-14 10:30:48,387 - INFO - Starting the web scraper...
2025-04-14 10:30:48,388 - INFO - Scraping jobs...
2025-04-14 10:30:49,207 - INFO - Successfully fetched data from https://vacancymail.co.zw/jobs/
2025-04-14 10:30:49,264 - INFO - Data saved to scraped_data.csv at 2025-04-14 10:30:49.264141
2025-04-14 10:30:52,217 - INFO - Scraping jobs...
2025-04-14 10:30:52,914 - INFO - Successfully fetched data from https://vacancymail.co.zw/jobs/
2025-04-14 10:30:52,953 - ERROR - Error occurred: 'Expiry Date'
2025-04-14 10:31:53,017 - INFO - Scraping jobs...
2025-04-14 10:31:53,802 - INFO - Successfully fetched data from https://vacancymail.co.zw/jobs/
2025-04-14 10:31:53,846 - ERROR - Error occurred: 'Expiry Date'
2025-04-14 10:32:54,043 - INFO - Scraping jobs...
2025-04-14 10:32:54,794 - INFO - Successfully fetched data from https://vacancymail.co.zw/jobs/
2025-04-14 10:32:54,854 - ERROR - Error occurred: 'Expiry Date'
2025-04-14 10:33:55,292 - INFO - Scraping jobs...
2025-04-14 10:33:56,092 - INFO - Successfully fetched data from https://vacancymail.co.zw/jobs/
2025-04-14 10:33:56,148 - ERROR - Error occurred: 'Expiry Date'
2025-04-14 10:34:56,300 - INFO - Scraping jobs...
2025-04-14 10:34:57,083 - INFO - Successfully fetched data from https://vacancymail.co.zw/jobs/
2025-04-14 10:34:57,175 - ERROR - Error occurred: 'Expiry Date'
2025-04-14 10:35:57,301 - INFO - Scraping jobs...
2025-04-14 10:35:58,451 - INFO - Successfully fetched data from https://vacancymail.co.zw/jobs/
2025-04-14 10:35:58,542 - ERROR - Error occurred: 'Expiry Date'
2025-04-14 10:36:58,777 - INFO - Scraping jobs...
2025-04-14 10:36:59,518 - INFO - Successfully fetched data from https://vacancymail.co.zw/jobs/
2025-04-14 10:36:59,585 - ERROR - Error occurred: 'Expiry Date'
2025-04-14 10:37:31,115 - INFO - Starting the web scraper...
2025-04-14 10:37:31,115 - INFO - Scraping jobs...
2025-04-14 10:37:32,015 - INFO - Successfully fetched data from https://vacancymail.co.zw/jobs/
2025-04-14 10:37:32,270 - INFO - Data saved to scraped_data.csv at 2025-04-14 10:37:32.257804
2025-04-14 10:37:59,660 - INFO - Scraping jobs...
2025-04-14 10:38:00,547 - INFO - Successfully fetched data from https://vacancymail.co.zw/jobs/
2025-04-14 10:38:00,597 - ERROR - Error occurred: 'Expiry Date'
2025-04-14 10:39:01,189 - INFO - Scraping jobs...
2025-04-14 10:39:02,031 - INFO - Successfully fetched data from https://vacancymail.co.zw/jobs/
2025-04-14 10:39:02,148 - ERROR - Error occurred: 'Expiry Date'
2025-04-14 10:40:02,208 - INFO - Scraping jobs...
2025-04-14 10:40:03,045 - INFO - Successfully fetched data from https://vacancymail.co.zw/jobs/
2025-04-14 10:40:03,137 - ERROR - Error occurred: 'Expiry Date'
2025-04-14 10:41:03,191 - INFO - Scraping jobs...
2025-04-14 10:41:04,031 - INFO - Successfully fetched data from https://vacancymail.co.zw/jobs/
2025-04-14 10:41:04,226 - ERROR - Error occurred: 'Expiry Date'
2025-04-14 10:42:04,274 - INFO - Scraping jobs...
2025-04-14 10:42:05,078 - INFO - Successfully fetched data from https://vacancymail.co.zw/jobs/
2025-04-14 10:42:05,166 - ERROR - Error occurred: 'Expiry Date'
2025-04-14 10:43:05,288 - INFO - Scraping jobs...
2025-04-14 10:43:06,095 - INFO - Successfully fetched data from https://vacancymail.co.zw/jobs/
2025-04-14 10:43:06,239 - ERROR - Error occurred: 'Expiry Date'
2025-04-14 10:44:06,303 - INFO - Scraping jobs...
2025-04-14 10:44:07,186 - INFO - Successfully fetched data from https://vacancymail.co.zw/jobs/
2025-04-14 10:44:07,350 - ERROR - Error occurred: 'Expiry Date'
2025-04-14 10:45:07,435 - INFO - Scraping jobs...
2025-04-14 10:45:08,348 - INFO - Successfully fetched data from https://vacancymail.co.zw/jobs/
2025-04-14 10:45:08,462 - ERROR - Error occurred: 'Expiry Date'
2025-04-14 10:46:08,500 - INFO - Scraping jobs...
2025-04-14 10:46:09,337 - INFO - Successfully fetched data from https://vacancymail.co.zw/jobs/
2025-04-14 10:46:09,508 - ERROR - Error occurred: 'Expiry Date'
2025-04-14 10:47:09,577 - INFO - Scraping jobs...
2025-04-14 10:47:10,708 - INFO - Successfully fetched data from https://vacancymail.co.zw/jobs/
2025-04-14 10:47:10,856 - ERROR - Error occurred: 'Expiry Date'
2025-04-14 10:48:10,922 - INFO - Scraping jobs...
2025-04-14 10:48:11,717 - INFO - Successfully fetched data from https://vacancymail.co.zw/jobs/
2025-04-14 10:48:11,880 - ERROR - Error occurred: 'Expiry Date'
2025-04-14 10:49:11,924 - INFO - Scraping jobs...
2025-04-14 10:49:12,952 - INFO - Successfully fetched data from https://vacancymail.co.zw/jobs/
2025-04-14 10:49:13,071 - ERROR - Error occurred: 'Expiry Date'
2025-04-14 10:50:13,153 - INFO - Scraping jobs...
2025-04-14 10:50:14,087 - INFO - Successfully fetched data from https://vacancymail.co.zw/jobs/
2025-04-14 10:50:14,221 - ERROR - Error occurred: 'Expiry Date'
2025-04-14 10:51:14,320 - INFO - Scraping jobs...
2025-04-14 10:51:15,100 - INFO - Successfully fetched data from https://vacancymail.co.zw/jobs/
2025-04-14 10:51:15,230 - ERROR - Error occurred: 'Expiry Date'
2025-04-14 10:52:15,279 - INFO - Scraping jobs...
2025-04-14 10:52:16,076 - INFO - Successfully fetched data from https://vacancymail.co.zw/jobs/
2025-04-14 10:52:16,170 - ERROR - Error occurred: 'Expiry Date'
2025-04-14 10:53:16,224 - INFO - Scraping jobs...
2025-04-14 10:53:17,053 - INFO - Successfully fetched data from https://vacancymail.co.zw/jobs/
2025-04-14 10:53:17,197 - ERROR - Error occurred: 'Expiry Date'
